<?xml version="1.0" encoding="UTF-8"?>
<robot generator="Robot 7.3.2 (Python 3.13.7 on win32)" generated="2025-09-04T14:51:25.992636" rpa="false" schemaversion="5">
<suite id="s1" name="Test Web Title" source="C:\automation_challenge\robot_framework\test_web_title.robot">
<test id="s1-t1" name="Verify Webpage Title" line="10">
<kw name="Open Browser" owner="SeleniumLibrary">
<msg time="2025-09-04T14:51:26.375446" level="INFO">Opening browser 'Chrome' to base url 'https://www.google.com'.</msg>
<arg>${URL}</arg>
<arg>${BROWSER}</arg>
<doc>Opens a new browser instance to the optional ``url``.</doc>
<status status="PASS" start="2025-09-04T14:51:26.375135" elapsed="2.589779"/>
</kw>
<kw name="Title Should Be" owner="SeleniumLibrary">
<msg time="2025-09-04T14:51:29.237125" level="INFO" html="true">&lt;/td&gt;&lt;/tr&gt;&lt;tr&gt;&lt;td colspan="3"&gt;&lt;a href="selenium-screenshot-1.png"&gt;&lt;img src="selenium-screenshot-1.png" width="800px"&gt;&lt;/a&gt;</msg>
<msg time="2025-09-04T14:51:29.237862" level="FAIL">Title should have been 'google' but was 'Google'.</msg>
<arg>${EXPECTED_TITLE}</arg>
<doc>Verifies that the current page title equals ``title``.</doc>
<status status="FAIL" start="2025-09-04T14:51:28.965567" elapsed="0.278025">Title should have been 'google' but was 'Google'.</status>
</kw>
<kw name="Close Browser" owner="SeleniumLibrary" type="TEARDOWN">
<doc>Closes the current browser.</doc>
<status status="PASS" start="2025-09-04T14:51:29.244150" elapsed="2.210310"/>
</kw>
<status status="FAIL" start="2025-09-04T14:51:26.374076" elapsed="5.080704">Title should have been 'google' but was 'Google'.</status>
</test>
<status status="FAIL" start="2025-09-04T14:51:25.993898" elapsed="5.462050"/>
</suite>
<statistics>
<total>
<stat pass="0" fail="1" skip="0">All Tests</stat>
</total>
<tag>
</tag>
<suite>
<stat name="Test Web Title" id="s1" pass="0" fail="1" skip="0">Test Web Title</stat>
</suite>
</statistics>
<errors>
</errors>
</robot>
